#
# There is insufficient memory for the Java Runtime Environment to continue.
# Native memory allocation (mmap) failed to map 268435456 bytes. Error detail: G1 virtual space
# Possible reasons:
#   The system is out of physical RAM or swap space
#   This process is running with CompressedOops enabled, and the Java Heap may be blocking the growth of the native heap
# Possible solutions:
#   Reduce memory load on the system
#   Increase physical memory or swap space
#   Check if swap backing store is full
#   Decrease Java heap size (-Xmx/-Xms)
#   Decrease number of Java threads
#   Decrease Java thread stack sizes (-Xss)
#   Set larger code cache with -XX:ReservedCodeCacheSize=
#   JVM is running with Zero Based Compressed Oops mode in which the Java heap is
#     placed in the first 32GB address space. The Java Heap base address is the
#     maximum limit for the native heap growth. Please use -XX:HeapBaseMinAddress
#     to set the Java Heap base and to place the Java Heap above 32GB virtual address.
# This output file may be truncated or incomplete.
#
#  Out of Memory Error (os_windows.cpp:3710), pid=23592, tid=3412
#
# JRE version:  (17.0.14+7) (build )
# Java VM: OpenJDK 64-Bit Server VM (17.0.14+7-LTS, mixed mode, sharing, tiered, compressed oops, compressed class ptrs, g1 gc, windows-amd64)
# No core dump will be written. Minidumps are not enabled by default on client versions of Windows
#

---------------  S U M M A R Y ------------

Command Line: 

Host: Intel(R) Core(TM) i7-6600U CPU @ 2.60GHz, 4 cores, 15G,  Windows 11 , 64 bit Build 22621 (10.0.22621.5415)
Time: Fri Mar 13 15:35:06 2026 E. Africa Standard Time elapsed time: 0.041175 seconds (0d 0h 0m 0s)

---------------  T H R E A D  ---------------

Current thread (0x0000023317cdb5d0):  JavaThread "Unknown thread" [_thread_in_vm, id=3412, stack(0x000000f47fa00000,0x000000f47fb00000)]

Stack: [0x000000f47fa00000,0x000000f47fb00000]
Native frames: (J=compiled Java code, j=interpreted, Vv=VM code, C=native code)
V  [jvm.dll+0x6886b9]
V  [jvm.dll+0x83f6f8]
V  [jvm.dll+0x8411a3]
V  [jvm.dll+0x841813]
V  [jvm.dll+0x2495cf]
V  [jvm.dll+0x6855f9]
V  [jvm.dll+0x679a8a]
V  [jvm.dll+0x30afc7]
V  [jvm.dll+0x312536]
V  [jvm.dll+0x362eee]
V  [jvm.dll+0x36312d]
V  [jvm.dll+0x2e225c]
V  [jvm.dll+0x2e3174]
V  [jvm.dll+0x8115fb]
V  [jvm.dll+0x370c01]
V  [jvm.dll+0x7f00ef]
V  [jvm.dll+0x3f76ff]
V  [jvm.dll+0x3f9231]
C  [jli.dll+0x52a0]
C  [ucrtbase.dll+0x29333]
C  [KERNEL32.DLL+0x1259d]
C  [ntdll.dll+0x5af78]


---------------  P R O C E S S  ---------------

Threads class SMR info:
_java_thread_list=0x00007ffae948efd8, length=0, elements={
}

Java Threads: ( => current thread )

Other Threads:
  0x0000023317d485f0 GCTaskThread "GC Thread#0" [stack: 0x000000f47fb00000,0x000000f47fc00000] [id=25360]
  0x0000023317d59350 ConcurrentGCThread "G1 Main Marker" [stack: 0x000000f47fc00000,0x000000f47fd00000] [id=21144]
  0x0000023317d59d70 ConcurrentGCThread "G1 Conc#0" [stack: 0x000000f47fd00000,0x000000f47fe00000] [id=25160]

[error occurred during error reporting (printing all threads), id 0xc0000005, EXCEPTION_ACCESS_VIOLATION (0xc0000005) at pc=0x00007ffae8c42db7]

VM state: not at safepoint (not fully initialized)

VM Mutex/Monitor currently owned by a thread:  ([mutex/lock_event])
[0x0000023317cd7db0] Heap_lock - owner thread: 0x0000023317cdb5d0

Heap address: 0x0000000701e00000, size: 4066 MB, Compressed Oops mode: Zero based, Oop shift amount: 3

CDS archive(s) mapped at: [0x0000000000000000-0x0000000000000000-0x0000000000000000), size 0, SharedBaseAddress: 0x0000000800000000, ArchiveRelocationMode: 1.
Narrow klass base: 0x0000000000000000, Narrow klass shift: 0, Narrow klass range: 0x0

GC Precious Log:
<Empty>

Heap:
 garbage-first heap   total 0K, used 0K [0x0000000701e00000, 0x0000000800000000)
  region size 2048K, 0 young (0K), 0 survivors (0K)

[error occurred during error reporting (printing heap information), id 0xc0000005, EXCEPTION_ACCESS_VIOLATION (0xc0000005) at pc=0x00007ffae90322e9]

GC Heap History (0 events):
No events

Dll operation events (1 events):
Event: 0.019 Loaded shared library C:\Program Files (x86)\Android\openjdk\jdk-17.0.14\bin\java.dll

Deoptimization events (0 events):
No events

Classes loaded (0 events):
No events

Classes unloaded (0 events):
No events

Classes redefined (0 events):
No events

Internal exceptions (0 events):
No events

VM Operations (0 events):
No events

Memory protections (0 events):
No events

Nmethod flushes (0 events):
No events

Events (0 events):
No events


Dynamic libraries:
0x00007ff706550000 - 0x00007ff70655e000 	C:\Program Files (x86)\Android\openjdk\jdk-17.0.14\bin\java.exe
0x00007ffc4b730000 - 0x00007ffc4b948000 	C:\Windows\SYSTEM32\ntdll.dll
0x00007ffc495b0000 - 0x00007ffc49674000 	C:\Windows\System32\KERNEL32.DLL
0x00007ffc48dd0000 - 0x00007ffc491a3000 	C:\Windows\System32\KERNELBASE.dll
0x00007ffc48a00000 - 0x00007ffc48b11000 	C:\Windows\System32\ucrtbase.dll
0x00007ffb217c0000 - 0x00007ffb217d7000 	C:\Program Files (x86)\Android\openjdk\jdk-17.0.14\bin\jli.dll
0x00007ffc493f0000 - 0x00007ffc495a2000 	C:\Windows\System32\USER32.dll
0x00007ffc48b20000 - 0x00007ffc48b46000 	C:\Windows\System32\win32u.dll
0x00007ffc4b130000 - 0x00007ffc4b159000 	C:\Windows\System32\GDI32.dll
0x00007ffb217a0000 - 0x00007ffb217bd000 	C:\Program Files (x86)\Android\openjdk\jdk-17.0.14\bin\VCRUNTIME140.dll
0x00007ffc48b50000 - 0x00007ffc48c6b000 	C:\Windows\System32\gdi32full.dll
0x00007ffc48c70000 - 0x00007ffc48d0a000 	C:\Windows\System32\msvcp_win.dll
0x00007ffc337d0000 - 0x00007ffc33a6c000 	C:\Windows\WinSxS\amd64_microsoft.windows.common-controls_6595b64144ccf1df_6.0.22621.6060_none_2712eda17382d24b\COMCTL32.dll
0x00007ffc4a700000 - 0x00007ffc4a7a7000 	C:\Windows\System32\msvcrt.dll
0x00007ffc49c50000 - 0x00007ffc49c81000 	C:\Windows\System32\IMM32.DLL
0x00007ffbf1870000 - 0x00007ffbf187c000 	C:\Program Files (x86)\Android\openjdk\jdk-17.0.14\bin\vcruntime140_1.dll
0x00007ffb20800000 - 0x00007ffb2088d000 	C:\Program Files (x86)\Android\openjdk\jdk-17.0.14\bin\msvcp140.dll
0x00007ffae8950000 - 0x00007ffae95c2000 	C:\Program Files (x86)\Android\openjdk\jdk-17.0.14\bin\server\jvm.dll
0x00007ffc4a640000 - 0x00007ffc4a6f1000 	C:\Windows\System32\ADVAPI32.dll
0x00007ffc4b080000 - 0x00007ffc4b128000 	C:\Windows\System32\sechost.dll
0x00007ffc493a0000 - 0x00007ffc493c8000 	C:\Windows\System32\bcrypt.dll
0x00007ffc4a8b0000 - 0x00007ffc4a9c8000 	C:\Windows\System32\RPCRT4.dll
0x00007ffc4a830000 - 0x00007ffc4a8a1000 	C:\Windows\System32\WS2_32.dll
0x00007ffc48720000 - 0x00007ffc4876d000 	C:\Windows\SYSTEM32\POWRPROF.dll
0x00007ffc18300000 - 0x00007ffc18334000 	C:\Windows\SYSTEM32\WINMM.dll
0x00007ffc3e490000 - 0x00007ffc3e49a000 	C:\Windows\SYSTEM32\VERSION.dll
0x00007ffc48700000 - 0x00007ffc48713000 	C:\Windows\SYSTEM32\UMPDC.dll
0x00007ffc477e0000 - 0x00007ffc477f8000 	C:\Windows\SYSTEM32\kernel.appcore.dll
0x00007ffbef3b0000 - 0x00007ffbef3ba000 	C:\Program Files (x86)\Android\openjdk\jdk-17.0.14\bin\jimage.dll
0x00007ffc420d0000 - 0x00007ffc42303000 	C:\Windows\SYSTEM32\DBGHELP.DLL
0x00007ffc498b0000 - 0x00007ffc49c41000 	C:\Windows\System32\combase.dll
0x00007ffc4ac20000 - 0x00007ffc4acf8000 	C:\Windows\System32\OLEAUT32.dll
0x00007ffc22e70000 - 0x00007ffc22ea2000 	C:\Windows\SYSTEM32\dbgcore.DLL
0x00007ffc491b0000 - 0x00007ffc4922b000 	C:\Windows\System32\bcryptPrimitives.dll
0x00007ffb1b600000 - 0x00007ffb1b625000 	C:\Program Files (x86)\Android\openjdk\jdk-17.0.14\bin\java.dll

dbghelp: loaded successfully - version: 4.0.5 - missing functions: none
symbol engine: initialized successfully - sym options: 0x614 - pdb path: .;C:\Program Files (x86)\Android\openjdk\jdk-17.0.14\bin;C:\Windows\SYSTEM32;C:\Windows\WinSxS\amd64_microsoft.windows.common-controls_6595b64144ccf1df_6.0.22621.6060_none_2712eda17382d24b;C:\Program Files (x86)\Android\openjdk\jdk-17.0.14\bin\server

VM Arguments:
java_command: <unknown>
java_class_path (initial): <not set>
Launcher Type: SUN_STANDARD

[Global flags]
     intx CICompilerCount                          = 3                                         {product} {ergonomic}
     uint ConcGCThreads                            = 1                                         {product} {ergonomic}
     uint G1ConcRefinementThreads                  = 4                                         {product} {ergonomic}
   size_t G1HeapRegionSize                         = 2097152                                   {product} {ergonomic}
    uintx GCDrainStackTargetSize                   = 64                                        {product} {ergonomic}
   size_t InitialHeapSize                          = 268435456                                 {product} {ergonomic}
   size_t MarkStackSize                            = 4194304                                   {product} {ergonomic}
   size_t MaxHeapSize                              = 4263510016                                {product} {ergonomic}
   size_t MinHeapDeltaBytes                        = 2097152                                   {product} {ergonomic}
   size_t MinHeapSize                              = 8388608                                   {product} {ergonomic}
    uintx NonNMethodCodeHeapSize                   = 5832780                                {pd product} {ergonomic}
    uintx NonProfiledCodeHeapSize                  = 122912730                              {pd product} {ergonomic}
    uintx ProfiledCodeHeapSize                     = 122912730                              {pd product} {ergonomic}
    uintx ReservedCodeCacheSize                    = 251658240                              {pd product} {ergonomic}
     bool SegmentedCodeCache                       = true                                      {product} {ergonomic}
   size_t SoftMaxHeapSize                          = 4263510016                             {manageable} {ergonomic}
     bool UseCompressedClassPointers               = true                           {product lp64_product} {ergonomic}
     bool UseCompressedOops                        = true                           {product lp64_product} {ergonomic}
     bool UseG1GC                                  = true                                      {product} {ergonomic}
     bool UseLargePagesIndividualAllocation        = false                                  {pd product} {ergonomic}

Logging:
Log output configuration:
 #0: stdout all=warning uptime,level,tags
 #1: stderr all=off uptime,level,tags

Environment Variables:
PATH=C:\Program Files (x86)\Android\openjdk\jdk-17.0.14\bin;%PATH%;C:\tools\poppler-xx\bin;C:\Windows\system32;C:\Windows;C:\Windows\System32\Wbem;C:\Windows\System32\WindowsPowerShell\v1.0\;C:\Users\Admin\AppData\Local\Microsoft\WindowsApps;C:\Users\Admin\AppData\Local\Programs\Python\Python311\;D:\Git\Files\Git\bin\bash.exe;C:\Users\Admin\AppData\Local\Programs\Python\Python311\Scripts\;C:\Users\Admin\AppData\Local\Programs\Python\Python313\Scripts\;C:\Users\Admin\AppData\Local\Programs\Python\Python313\;C:\Users\Admin\AppData\Roaming\Microsoft\VisualStudio\;C:\Program Files\Microsoft SQL Server\Client SDK\ODBC\170\Tools\Binn\;C:\Program Files\Microsoft SQL Server\160\DTS\Binn\;C:\Program Files\GitHub CLI\;C:\Program Files\nodejs;C:\Program Files\Docker\Docker\resources\bin;C:\Program Files\dotnet\;C:\Users\Admin\scoop\shims;C:\Users\Admin\AppData\Local\Programs\Python\Python311\Scripts\;C:\Users\Admin\AppData\Local\Programs\Python\Python311\;C:\Users\Admin\AppData\Local\Programs\Python\Python313\Scripts\;C:\Users\Admin\AppData\Local\Programs\Python\Python313\;C:\Users\Admin\AppData\Local\Microsoft\WindowsApps;C:\Users\Admin\AppData\Roaming\npm;C:\Users\Admin\AppData\Local\Pandoc\;C:\Users\Admin\AppData\Local\Microsoft\WinGet\Links;C:\Users\Admin\.dotnet\tools;C:\Users\Admin\.nuget\packages\microsoft.extensions.apidescription.server\6.0.5\tools;C:\Users\Admin\.nuget\packages\microsoft.codeanalysis.analyzers\3.3.3\tools;C:\Users\Admin\.nuget\packages\microsoft.entityframeworkcore.tools\8.0.25\tools;C:\Users\Admin\.nuget\packages\microsoft.windowsappsdk\1.5.240802000\tools;C:\Users\Admin\.nuget\packages\microsoft.net.illink.tasks\8.0.25\tools;C:\Users\Admin\.nuget\packages\microsoft.visualstudio.azure.containers.tools.targets\1.22.1\tools
USERNAME=Derrek Kinyanjui
OS=Windows_NT
PROCESSOR_IDENTIFIER=Intel64 Family 6 Model 78 Stepping 3, GenuineIntel
TMP=C:\Users\Admin\AppData\Local\Temp
TEMP=C:\Users\Admin\AppData\Local\Temp



Periodic native trim disabled


---------------  S Y S T E M  ---------------

OS:
 Windows 11 , 64 bit Build 22621 (10.0.22621.5415)
OS uptime: 3 days 22:03 hours
Hyper-V role detected

CPU: total 4 (initial active 4) (2 cores per cpu, 2 threads per core) family 6 model 78 stepping 3 microcode 0xf0, cx8, cmov, fxsr, ht, mmx, 3dnowpref, sse, sse2, sse3, ssse3, sse4.1, sse4.2, popcnt, lzcnt, tsc, tscinvbit, avx, avx2, aes, erms, clmul, bmi1, bmi2, rtm, adx, fma, vzeroupper, clflush, clflushopt, hv
Processor Information for the first 4 processors :
  Max Mhz: 2808, Current Mhz: 2607, Mhz Limit: 2583

Memory: 4k page, system-wide physical 16263M (3124M free)
TotalPageFile size 17842M (AvailPageFile size 183M)
current process WorkingSet (physical memory assigned to process): 11M, peak: 11M
current process commit charge ("private bytes"): 52M, peak: 308M

vm_info: OpenJDK 64-Bit Server VM (17.0.14+7-LTS) for windows-amd64 JRE (17.0.14+7-LTS), built on Jan  8 2025 23:39:28 by "MicrosoftCorporation" with unknown MS VC++:1939

END.
